<?xml version="1.0" encoding="UTF-8" ?>
<testsuite errors="0" failures="0" hostname="ThomasPC" name="com.flatironschool.javacs.IndexTest" skipped="0" tests="1" time="0.411" timestamp="2016-06-14T10:17:57">
  <properties>
    <property name="java.vendor" value="Oracle Corporation" />
    <property name="env.SYSTEMROOT" value="C:\WINDOWS" />
    <property name="env.USERDOMAIN_ROAMINGPROFILE" value="ThomasPC" />
    <property name="sun.java.launcher" value="SUN_STANDARD" />
    <property name="sun.management.compiler" value="HotSpot 64-Bit Tiered Compilers" />
    <property name="env.UOIPME_REG_PATH" value="C:\Program Files\Intel Corporation\USB over IP" />
    <property name="env.PROMPT" value="$P$G" />
    <property name="env.LESSCHARSET" value="utf-8" />
    <property name="os.name" value="Windows 10" />
    <property name="env.HISTFILE" value="c:/Users/Thomas/.bash_history" />
    <property name="env.FP_NO_HOST_CHECK" value="NO" />
    <property name="sun.boot.class.path" value="C:\Program Files\Java\jdk1.8.0_60\jre\lib\resources.jar;C:\Program Files\Java\jdk1.8.0_60\jre\lib\rt.jar;C:\Program Files\Java\jdk1.8.0_60\jre\lib\sunrsasign.jar;C:\Program Files\Java\jdk1.8.0_60\jre\lib\jsse.jar;C:\Program Files\Java\jdk1.8.0_60\jre\lib\jce.jar;C:\Program Files\Java\jdk1.8.0_60\jre\lib\charsets.jar;C:\Program Files\Java\jdk1.8.0_60\jre\lib\jfr.jar;C:\Program Files\Java\jdk1.8.0_60\jre\classes" />
    <property name="env.COMPUTERNAME" value="THOMASPC" />
    <property name="env.PWD" value="c:/Users/Thomas/Documents/codeu/unit2/cs-making-an-indexer-lab-codeU" />
    <property name="env.MAKE_MODE" value="unix" />
    <property name="env.ALLUSERSPROFILE" value="C:\ProgramData" />
    <property name="sun.desktop" value="windows" />
    <property name="env.LESS" value="-FRSX" />
    <property name="java.vm.specification.vendor" value="Oracle Corporation" />
    <property name="ant.home" value="C:\Program Files\apache-ant-1.9.6" />
    <property name="env.PLATFORMCODE" value="7S" />
    <property name="java.runtime.version" value="1.8.0_60-b27" />
    <property name="env.HOMEPATH" value="\Users\Thomas" />
    <property name="user.name" value="Thomas" />
    <property name="env._" value="c:/RailsInstaller/Ruby2.2.0/bin/learn-test" />
    <property name="env.USER" value="Thomas" />
    <property name="env.GNUPGHOME" value="c:/Users/Thomas/.gnupg" />
    <property name="env.MSYSTEM" value="MINGW32" />
    <property name="env.ONLINESERVICES" value="Online Services" />
    <property name="env.PATH" value="c:\Users\Thomas\bin;.;C:\Program Files (x86)\Git\local\bin;C:\Program Files (x86)\Git\mingw\bin;C:\Program Files (x86)\Git\bin;C:\Program Files (x86)\Git\bin;C:\Program Files (x86)\Git\bin;c:\ProgramData\Oracle\Java\javapath;c:\Program Files (x86)\Intel\iCLS Client\;c:\Program Files\Intel\iCLS Client\;c:\WINDOWS\system32;c:\WINDOWS;c:\WINDOWS\System32\Wbem;c:\WINDOWS\System32\WindowsPowerShell\v1.0\;c:\Program Files\Intel\WiFi\bin\;c:\Program Files\Common Files\Intel\WirelessCommon\;c:\Program Files (x86)\PharosSystems\Core;c:\Program Files\MATLAB\R2015a\bin;c:\Program Files\Java\jdk1.8.0_60\bin;C:\Program Files (x86)\Git\cmd;c:\Program Files\Sublime Text 3;c:\Users\Thomas\Dropbox\cs1331\bin;c:\Program Files (x86)\sbt\bin;c:\Program Files\Python27;c:\Program Files\apache-ant-1.9.6\bin;c:\Program Files (x86)\MiKTeX 2.9\miktex\bin\;c:\Program Files (x86)\QuickTime\QTSystem\;c:\Program Files\Intel\Intel(R) Management Engine Components\DAL;c:\Program Files\Intel\Intel(R) Management Engine Components\IPT;c:\WINDOWS\system32;c:\WINDOWS;c:\WINDOWS\System32\Wbem;c:\Program Files\gradle-2.10\bin;c:\Program Files (x86)\pypy-5.1.0-win32;c:\RailsInstaller\Ruby2.2.0\bin;c:\Users\Thomas\.babun" />
    <property name="user.language" value="en" />
    <property name="env.SBT_HOME" value="C:\Program Files (x86)\sbt\" />
    <property name="env.WINDIR" value="C:\WINDOWS" />
    <property name="sun.boot.library.path" value="C:\Program Files\Java\jdk1.8.0_60\jre\bin" />
    <property name="ant.project.default-target" value="build" />
    <property name="ant.project.name" value="JavaCS" />
    <property name="java.version" value="1.8.0_60" />
    <property name="env.PROCESSOR_IDENTIFIER" value="Intel64 Family 6 Model 61 Stepping 4, GenuineIntel" />
    <property name="user.timezone" value="" />
    <property name="env.TEMP" value="C:/Users/Thomas/AppData/Local/Temp" />
    <property name="sun.arch.data.model" value="64" />
    <property name="env.!::" value="::\" />
    <property name="env.PLATFORM" value="MCD" />
    <property name="java.endorsed.dirs" value="C:\Program Files\Java\jdk1.8.0_60\jre\lib\endorsed" />
    <property name="env._JAVACMD" value="C:\Program Files\Java\jdk1.8.0_60\bin\java.exe" />
    <property name="sun.cpu.isalist" value="amd64" />
    <property name="env.HOMEDRIVE" value="C:" />
    <property name="sun.jnu.encoding" value="Cp1252" />
    <property name="file.encoding.pkg" value="sun.io" />
    <property name="env.SHLVL" value="1" />
    <property name="env.SYSTEMDRIVE" value="C:" />
    <property name="file.separator" value="\" />
    <property name="java.specification.name" value="Java Platform API Specification" />
    <property name="java.class.version" value="52.0" />
    <property name="user.country" value="US" />
    <property name="ant.file.JavaCS" value="c:\Users\Thomas\Documents\codeu\unit2\cs-making-an-indexer-lab-codeU\javacs-lab06\build.xml" />
    <property name="java.home" value="C:\Program Files\Java\jdk1.8.0_60\jre" />
    <property name="env.APPDATA" value="C:\Users\Thomas\AppData\Roaming" />
    <property name="env.PUBLIC" value="C:\Users\Public" />
    <property name="java.vm.info" value="mixed mode" />
    <property name="env.OS" value="Windows_NT" />
    <property name="env.LOGNAME" value="Thomas" />
    <property name="ant.file" value="c:\Users\Thomas\Documents\codeu\unit2\cs-making-an-indexer-lab-codeU\javacs-lab06\build.xml" />
    <property name="os.version" value="10.0" />
    <property name="env._USE_CLASSPATH" value="no" />
    <property name="path.separator" value=";" />
    <property name="java.vm.version" value="25.60-b23" />
    <property name="env.USERPROFILE" value="C:\Users\Thomas" />
    <property name="user.variant" value="" />
    <property name="ant.library.dir" value="C:\Program Files\apache-ant-1.9.6\lib" />
    <property name="env.SSL_CERT_FILE" value="C:\RailsInstaller\cacert.pem" />
    <property name="junit.output.dir" value="junit" />
    <property name="env.JAVA_HOME" value="C:\Program Files\Java\jdk1.8.0_60" />
    <property name="env.TERM" value="cygwin" />
    <property name="java.awt.printerjob" value="sun.awt.windows.WPrinterJob" />
    <property name="env.PROGRAMFILES" value="C:\Program Files" />
    <property name="env.FPS_BROWSER_USER_PROFILE_STRING" value="Default" />
    <property name="env.TMP" value="C:/Users/Thomas/AppData/Local/Temp" />
    <property name="sun.io.unicode.encoding" value="UnicodeLittle" />
    <property name="awt.toolkit" value="sun.awt.windows.WToolkit" />
    <property name="sun.stdout.encoding" value="cp437" />
    <property name="user.script" value="" />
    <property name="target" value="1.7" />
    <property name="user.home" value="C:\Users\Thomas" />
    <property name="env.COMMONPROGRAMFILES" value="C:\Program Files\Common Files" />
    <property name="env.SESSIONNAME" value="Console" />
    <property name="env.OLDPWD" value="c:/Users/Thomas/Documents/codeu/unit2/cs-making-an-indexer-lab-codeU/javacs-lab06" />
    <property name="java.specification.vendor" value="Oracle Corporation" />
    <property name="java.vendor.url" value="http://java.oracle.com/" />
    <property name="java.library.path" value="C:\Program Files\Java\jdk1.8.0_60\jre\bin;C:\WINDOWS\Sun\Java\bin;C:\WINDOWS\system32;C:\WINDOWS;c:\Users\Thomas\bin;.;C:\Program Files (x86)\Git\local\bin;C:\Program Files (x86)\Git\mingw\bin;C:\Program Files (x86)\Git\bin;C:\Program Files (x86)\Git\bin;C:\Program Files (x86)\Git\bin;c:\ProgramData\Oracle\Java\javapath;c:\Program Files (x86)\Intel\iCLS Client\;c:\Program Files\Intel\iCLS Client\;c:\WINDOWS\system32;c:\WINDOWS;c:\WINDOWS\System32\Wbem;c:\WINDOWS\System32\WindowsPowerShell\v1.0\;c:\Program Files\Intel\WiFi\bin\;c:\Program Files\Common Files\Intel\WirelessCommon\;c:\Program Files (x86)\PharosSystems\Core;c:\Program Files\MATLAB\R2015a\bin;c:\Program Files\Java\jdk1.8.0_60\bin;C:\Program Files (x86)\Git\cmd;c:\Program Files\Sublime Text 3;c:\Users\Thomas\Dropbox\cs1331\bin;c:\Program Files (x86)\sbt\bin;c:\Program Files\Python27;c:\Program Files\apache-ant-1.9.6\bin;c:\Program Files (x86)\MiKTeX 2.9\miktex\bin\;c:\Program Files (x86)\QuickTime\QTSystem\;c:\Program Files\Intel\Intel(R) Management Engine Components\DAL;c:\Program Files\Intel\Intel(R) Management Engine Components\IPT;c:\WINDOWS\system32;c:\WINDOWS;c:\WINDOWS\System32\Wbem;c:\Program Files\gradle-2.10\bin;c:\Program Files (x86)\pypy-5.1.0-win32;c:\RailsInstaller\Ruby2.2.0\bin;c:\Users\Thomas\.babun;." />
    <property name="env.NUMBER_OF_PROCESSORS" value="4" />
    <property name="env.PSMODULEPATH" value="C:\WINDOWS\system32\WindowsPowerShell\v1.0\Modules\" />
    <property name="env.COMMONPROGRAMFILES(X86)" value="C:\Program Files (x86)\Common Files" />
    <property name="java.vm.vendor" value="Oracle Corporation" />
    <property name="java.runtime.name" value="Java(TM) SE Runtime Environment" />
    <property name="ant.version" value="Apache Ant(TM) version 1.9.6 compiled on June 29 2015" />
    <property name="sun.java.command" value="org.apache.tools.ant.taskdefs.optional.junit.JUnitTestRunner com.flatironschool.javacs.IndexTest skipNonTests=false filtertrace=true haltOnError=false haltOnFailure=false formatter=org.apache.tools.ant.taskdefs.optional.junit.OutErrSummaryJUnitResultFormatter showoutput=false outputtoformatters=true logfailedtests=true threadid=0 logtestlistenerevents=false formatter=org.apache.tools.ant.taskdefs.optional.junit.XMLJUnitResultFormatter,c:\Users\Thomas\Documents\codeu\unit2\cs-making-an-indexer-lab-codeU\javacs-lab06\junit\TEST-com.flatironschool.javacs.IndexTest.xml formatter=org.apache.tools.ant.taskdefs.optional.junit.PlainJUnitResultFormatter crashfile=c:\Users\Thomas\Documents\codeu\unit2\cs-making-an-indexer-lab-codeU\javacs-lab06\junitvmwatcher6811519222102548266.properties propsfile=c:\Users\Thomas\Documents\codeu\unit2\cs-making-an-indexer-lab-codeU\javacs-lab06\junit8605798877780619414.properties" />
    <property name="java.class.path" value="c:\Users\Thomas\Documents\codeu\unit2\cs-making-an-indexer-lab-codeU\javacs-lab06\bin;c:\Users\Thomas\Documents\codeu\unit2\cs-making-an-indexer-lab-codeU\javacs-lab06\lib\jsoup-1.8.3.jar;c:\Users\Thomas\Documents\codeu\unit2\cs-making-an-indexer-lab-codeU\javacs-lab06\lib\junit-4.12.jar;c:\Users\Thomas\Documents\codeu\unit2\cs-making-an-indexer-lab-codeU\javacs-lab06\lib\hamcrest-core-1.3.jar;C:\Program Files\apache-ant-1.9.6\lib\ant-launcher.jar;C:\Program Files\apache-ant-1.9.6\lib\ant.jar;C:\Program Files\apache-ant-1.9.6\lib\ant-junit.jar;C:\Program Files\apache-ant-1.9.6\lib\ant-junit4.jar" />
    <property name="env.PROGRAMW6432" value="C:\Program Files" />
    <property name="env.PROGRAMFILES(X86)" value="C:\Program Files (x86)" />
    <property name="ant.file.type.JavaCS" value="file" />
    <property name="java.vm.specification.name" value="Java Virtual Machine Specification" />
    <property name="ant.file.type" value="file" />
    <property name="env.LOGONSERVER" value="\\THOMASPC" />
    <property name="env.PROCESSOR_ARCHITECTURE" value="AMD64" />
    <property name="java.vm.specification.version" value="1.8" />
    <property name="env.COMMONPROGRAMW6432" value="C:\Program Files\Common Files" />
    <property name="sun.cpu.endian" value="little" />
    <property name="sun.os.patch.level" value="" />
    <property name="env.HOME" value="c:/Users/Thomas" />
    <property name="debuglevel" value="source,lines,vars" />
    <property name="env.ANT_HOME" value="C:\Program Files\apache-ant-1.9.6" />
    <property name="java.io.tmpdir" value="C:\Users\Thomas\AppData\Local\Temp\" />
    <property name="env.PROCESSOR_REVISION" value="3d04" />
    <property name="java.vendor.url.bug" value="http://bugreport.sun.com/bugreport/" />
    <property name="env.PROGRAMDATA" value="C:\ProgramData" />
    <property name="env.COMSPEC" value="C:\WINDOWS\system32\cmd.exe" />
    <property name="env.FPS_BROWSER_APP_PROFILE_STRING" value="Internet Explorer" />
    <property name="java.awt.graphicsenv" value="sun.awt.Win32GraphicsEnvironment" />
    <property name="env.ANT_CMD_LINE_ARGS" value=" test -buildfile javacs-lab06/build.xml" />
    <property name="os.arch" value="amd64" />
    <property name="env.PLINK_PROTOCOL" value="ssh" />
    <property name="env.=D:" value="D:\" />
    <property name="java.ext.dirs" value="C:\Program Files\Java\jdk1.8.0_60\jre\lib\ext;C:\WINDOWS\Sun\Java\lib\ext" />
    <property name="env.LOCALAPPDATA" value="C:\Users\Thomas\AppData\Local" />
    <property name="user.dir" value="c:\Users\Thomas\Documents\codeu\unit2\cs-making-an-indexer-lab-codeU" />
    <property name="line.separator" value="&#xd;&#xa;" />
    <property name="env.INPUTRC" value="C:/Program Files (x86)/Git/etc/inputrc" />
    <property name="java.vm.name" value="Java HotSpot(TM) 64-Bit Server VM" />
    <property name="env.PATHEXT" value=".COM;.EXE;.BAT;.CMD;.VBS;.VBE;.JS;.JSE;.WSF;.WSH;.MSC;.PY" />
    <property name="basedir" value="c:\Users\Thomas\Documents\codeu\unit2\cs-making-an-indexer-lab-codeU\javacs-lab06" />
    <property name="ant.java.version" value="1.8" />
    <property name="ant.core.lib" value="C:\Program Files\apache-ant-1.9.6\lib\ant.jar" />
    <property name="env.USERNAME" value="Thomas" />
    <property name="source" value="1.7" />
    <property name="sun.stderr.encoding" value="cp437" />
    <property name="file.encoding" value="Cp1252" />
    <property name="env.USERDOMAIN" value="ThomasPC" />
    <property name="java.specification.version" value="1.8" />
    <property name="env.=C:" value="c:\Users\Thomas\Documents\codeu\unit2\cs-making-an-indexer-lab-codeU" />
    <property name="ant.project.invoked-targets" value="test" />
    <property name="env.VBOX_MSI_INSTALL_PATH" value="C:\Program Files\Oracle\VirtualBox\" />
    <property name="env.PROCESSOR_LEVEL" value="6" />
  </properties>
  <testcase classname="com.flatironschool.javacs.IndexTest" name="testIndexPage" time="0.349" />
  <system-out><![CDATA[]]></system-out>
  <system-err><![CDATA[]]></system-err>
</testsuite>
